# JRE version: Java(TM) SE Runtime Environment (14.0.2+12) (build 14.0.2+12-46)
# Java VM: Java HotSpot(TM) 64-Bit Server VM (14.0.2+12-46, mixed mode, sharing, tiered, compressed oops, g1 gc, windows-amd64)
Heap:
 garbage-first heap   total 532480K, used 257741K [0x0000000080000000, 0x0000000100000000)
  region size 1024K, 86 young (88064K), 6 survivors (6144K)
 Metaspace       used 129918K, capacity 133956K, committed 134224K, reserved 1165312K
  class space    used 16718K, capacity 18158K, committed 18176K, reserved 1048576K
GC Heap History (20 events):
Event: 119.710 GC heap before
{Heap before GC invocations=63 (full 0):
 garbage-first heap   total 280576K, used 223410K [0x0000000080000000, 0x0000000100000000)
  region size 1024K, 81 young (82944K), 7 survivors (7168K)
 Metaspace       used 114766K, capacity 117967K, committed 118352K, reserved 1153024K
  class space    used 14502K, capacity 15639K, committed 15872K, reserved 1048576K
}
Event: 119.714 GC heap after
{Heap after GC invocations=64 (full 0):
 garbage-first heap   total 280576K, used 143909K [0x0000000080000000, 0x0000000100000000)
  region size 1024K, 1 young (1024K), 1 survivors (1024K)
 Metaspace       used 114766K, capacity 117967K, committed 118352K, reserved 1153024K
  class space    used 14502K, capacity 15639K, committed 15872K, reserved 1048576K
}
Event: 120.975 GC heap before
{Heap before GC invocations=65 (full 0):
 garbage-first heap   total 280576K, used 217637K [0x0000000080000000, 0x0000000100000000)
  region size 1024K, 85 young (87040K), 1 survivors (1024K)
 Metaspace       used 118284K, capacity 121488K, committed 121808K, reserved 1155072K
  class space    used 14963K, capacity 16102K, committed 16256K, reserved 1048576K
}
Event: 120.980 GC heap after
{Heap after GC invocations=66 (full 0):
 garbage-first heap   total 280576K, used 135629K [0x0000000080000000, 0x0000000100000000)
  region size 1024K, 4 young (4096K), 4 survivors (4096K)
 Metaspace       used 118284K, capacity 121488K, committed 121808K, reserved 1155072K
  class space    used 14963K, capacity 16102K, committed 16256K, reserved 1048576K
}
Event: 121.048 GC heap before
{Heap before GC invocations=66 (full 0):
 garbage-first heap   total 280576K, used 143821K [0x0000000080000000, 0x0000000100000000)
  region size 1024K, 13 young (13312K), 4 survivors (4096K)
 Metaspace       used 118299K, capacity 121489K, committed 121808K, reserved 1155072K
  class space    used 14963K, capacity 16102K, committed 16256K, reserved 1048576K
}
Event: 121.067 GC heap after
{Heap after GC invocations=67 (full 0):
 garbage-first heap   total 280576K, used 117636K [0x0000000080000000, 0x0000000100000000)
  region size 1024K, 1 young (1024K), 1 survivors (1024K)
 Metaspace       used 118299K, capacity 121489K, committed 121808K, reserved 1155072K
  class space    used 14963K, capacity 16102K, committed 16256K, reserved 1048576K
}
Event: 121.850 GC heap before
{Heap before GC invocations=67 (full 0):
 garbage-first heap   total 280576K, used 222084K [0x0000000080000000, 0x0000000100000000)
  region size 1024K, 104 young (106496K), 1 survivors (1024K)
 Metaspace       used 119372K, capacity 122677K, committed 122960K, reserved 1157120K
  class space    used 15095K, capacity 16277K, committed 16384K, reserved 1048576K
}
Event: 121.855 GC heap after
{Heap after GC invocations=68 (full 0):
 garbage-first heap   total 280576K, used 119680K [0x0000000080000000, 0x0000000100000000)
  region size 1024K, 3 young (3072K), 3 survivors (3072K)
 Metaspace       used 119372K, capacity 122677K, committed 122960K, reserved 1157120K
  class space    used 15095K, capacity 16277K, committed 16384K, reserved 1048576K
}
Event: 122.512 GC heap before
{Heap before GC invocations=68 (full 0):
 garbage-first heap   total 280576K, used 236416K [0x0000000080000000, 0x0000000100000000)
  region size 1024K, 116 young (118784K), 3 survivors (3072K)
 Metaspace       used 121295K, capacity 124804K, committed 125008K, reserved 1157120K
  class space    used 15384K, capacity 16612K, committed 16640K, reserved 1048576K
}
Event: 122.523 GC heap after
{Heap after GC invocations=69 (full 0):
 garbage-first heap   total 280576K, used 132999K [0x0000000080000000, 0x0000000100000000)
  region size 1024K, 15 young (15360K), 15 survivors (15360K)
 Metaspace       used 121295K, capacity 124804K, committed 125008K, reserved 1157120K
  class space    used 15384K, capacity 16612K, committed 16640K, reserved 1048576K
}
Event: 122.902 GC heap before
{Heap before GC invocations=69 (full 0):
 garbage-first heap   total 280576K, used 227207K [0x0000000080000000, 0x0000000100000000)
  region size 1024K, 108 young (110592K), 15 survivors (15360K)
 Metaspace       used 122925K, capacity 126438K, committed 126544K, reserved 1159168K
  class space    used 15588K, capacity 16832K, committed 16896K, reserved 1048576K
}
Event: 122.926 GC heap after
{Heap after GC invocations=70 (full 0):
 garbage-first heap   total 280576K, used 146534K [0x0000000080000000, 0x0000000100000000)
  region size 1024K, 14 young (14336K), 14 survivors (14336K)
 Metaspace       used 122925K, capacity 126438K, committed 126544K, reserved 1159168K
  class space    used 15588K, capacity 16832K, committed 16896K, reserved 1048576K
}
Event: 123.107 GC heap before
{Heap before GC invocations=70 (full 0):
 garbage-first heap   total 280576K, used 221286K [0x0000000080000000, 0x0000000100000000)
  region size 1024K, 88 young (90112K), 14 survivors (14336K)
 Metaspace       used 124025K, capacity 127726K, committed 127824K, reserved 1161216K
  class space    used 15795K, capacity 17107K, committed 17152K, reserved 1048576K
}
Event: 123.135 GC heap after
{Heap after GC invocations=71 (full 0):
 garbage-first heap   total 280576K, used 160159K [0x0000000080000000, 0x0000000100000000)
  region size 1024K, 11 young (11264K), 11 survivors (11264K)
 Metaspace       used 124025K, capacity 127726K, committed 127824K, reserved 1161216K
  class space    used 15795K, capacity 17107K, committed 17152K, reserved 1048576K
}
Event: 123.361 GC heap before
{Heap before GC invocations=71 (full 0):
 garbage-first heap   total 375808K, used 224671K [0x0000000080000000, 0x0000000100000000)
  region size 1024K, 74 young (75776K), 11 survivors (11264K)
 Metaspace       used 125133K, capacity 128794K, committed 129104K, reserved 1161216K
  class space    used 15996K, capacity 17292K, committed 17408K, reserved 1048576K
}
Event: 123.388 GC heap after
{Heap after GC invocations=72 (full 0):
 garbage-first heap   total 375808K, used 172025K [0x0000000080000000, 0x0000000100000000)
  region size 1024K, 10 young (10240K), 10 survivors (10240K)
 Metaspace       used 125133K, capacity 128794K, committed 129104K, reserved 1161216K
  class space    used 15996K, capacity 17292K, committed 17408K, reserved 1048576K
}
Event: 124.229 GC heap before
{Heap before GC invocations=73 (full 0):
 garbage-first heap   total 375808K, used 294905K [0x0000000080000000, 0x0000000100000000)
  region size 1024K, 131 young (134144K), 10 survivors (10240K)
 Metaspace       used 128984K, capacity 132901K, committed 133072K, reserved 1165312K
  class space    used 16603K, capacity 18020K, committed 18048K, reserved 1048576K
}
Event: 124.298 GC heap after
{Heap after GC invocations=74 (full 0):
 garbage-first heap   total 375808K, used 176485K [0x0000000080000000, 0x0000000100000000)
  region size 1024K, 4 young (4096K), 4 survivors (4096K)
 Metaspace       used 128984K, capacity 132901K, committed 133072K, reserved 1165312K
  class space    used 16603K, capacity 18020K, committed 18048K, reserved 1048576K
}
Event: 124.685 GC heap before
{Heap before GC invocations=74 (full 0):
 garbage-first heap   total 375808K, used 299365K [0x0000000080000000, 0x0000000100000000)
  region size 1024K, 125 young (128000K), 4 survivors (4096K)
 Metaspace       used 129796K, capacity 133795K, committed 133968K, reserved 1165312K
  class space    used 16712K, capacity 18147K, committed 18176K, reserved 1048576K
}
Event: 124.700 GC heap after
{Heap after GC invocations=75 (full 0):
 garbage-first heap   total 532480K, used 177869K [0x0000000080000000, 0x0000000100000000)
  region size 1024K, 6 young (6144K), 6 survivors (6144K)
 Metaspace       used 129796K, capacity 133795K, committed 133968K, reserved 1165312K
  class space    used 16712K, capacity 18147K, committed 18176K, reserved 1048576K
}

