# JRE version: Java(TM) SE Runtime Environment (14.0.2+12) (build 14.0.2+12-46)
# Java VM: Java HotSpot(TM) 64-Bit Server VM (14.0.2+12-46, mixed mode, sharing, tiered, compressed oops, g1 gc, windows-amd64)
Heap:
 garbage-first heap   total 439296K, used 273665K [0x0000000080000000, 0x0000000100000000)
  region size 1024K, 146 young (149504K), 5 survivors (5120K)
 Metaspace       used 116012K, capacity 118832K, committed 119160K, reserved 1153024K
  class space    used 14832K, capacity 15883K, committed 16000K, reserved 1048576K
GC Heap History (20 events):
Event: 87.110 GC heap before
{Heap before GC invocations=75 (full 0):
 garbage-first heap   total 281600K, used 195426K [0x0000000080000000, 0x0000000100000000)
  region size 1024K, 64 young (65536K), 8 survivors (8192K)
 Metaspace       used 113692K, capacity 116437K, committed 116984K, reserved 1150976K
  class space    used 14661K, capacity 15658K, committed 15872K, reserved 1048576K
}
Event: 87.123 GC heap after
{Heap after GC invocations=76 (full 0):
 garbage-first heap   total 281600K, used 139703K [0x0000000080000000, 0x0000000100000000)
  region size 1024K, 2 young (2048K), 2 survivors (2048K)
 Metaspace       used 113692K, capacity 116437K, committed 116984K, reserved 1150976K
  class space    used 14661K, capacity 15658K, committed 15872K, reserved 1048576K
}
Event: 87.494 GC heap before
{Heap before GC invocations=76 (full 0):
 garbage-first heap   total 281600K, used 225719K [0x0000000080000000, 0x0000000100000000)
  region size 1024K, 86 young (88064K), 2 survivors (2048K)
 Metaspace       used 114411K, capacity 117154K, committed 117496K, reserved 1150976K
  class space    used 14781K, capacity 15791K, committed 15872K, reserved 1048576K
}
Event: 87.506 GC heap after
{Heap after GC invocations=77 (full 0):
 garbage-first heap   total 281600K, used 139258K [0x0000000080000000, 0x0000000100000000)
  region size 1024K, 2 young (2048K), 2 survivors (2048K)
 Metaspace       used 114411K, capacity 117154K, committed 117496K, reserved 1150976K
  class space    used 14781K, capacity 15791K, committed 15872K, reserved 1048576K
}
Event: 88.125 GC heap before
{Heap before GC invocations=78 (full 0):
 garbage-first heap   total 302080K, used 229370K [0x0000000080000000, 0x0000000100000000)
  region size 1024K, 90 young (92160K), 2 survivors (2048K)
 Metaspace       used 114468K, capacity 117200K, committed 117496K, reserved 1150976K
  class space    used 14747K, capacity 15731K, committed 15872K, reserved 1048576K
}
Event: 88.134 GC heap after
{Heap after GC invocations=79 (full 0):
 garbage-first heap   total 302080K, used 139335K [0x0000000080000000, 0x0000000100000000)
  region size 1024K, 2 young (2048K), 2 survivors (2048K)
 Metaspace       used 114468K, capacity 117200K, committed 117496K, reserved 1150976K
  class space    used 14747K, capacity 15731K, committed 15872K, reserved 1048576K
}
Event: 88.597 GC heap before
{Heap before GC invocations=79 (full 0):
 garbage-first heap   total 302080K, used 248903K [0x0000000080000000, 0x0000000100000000)
  region size 1024K, 109 young (111616K), 2 survivors (2048K)
 Metaspace       used 114507K, capacity 117299K, committed 117752K, reserved 1150976K
  class space    used 14757K, capacity 15743K, committed 15872K, reserved 1048576K
}
Event: 88.606 GC heap after
{Heap after GC invocations=80 (full 0):
 garbage-first heap   total 302080K, used 139823K [0x0000000080000000, 0x0000000100000000)
  region size 1024K, 3 young (3072K), 3 survivors (3072K)
 Metaspace       used 114507K, capacity 117299K, committed 117752K, reserved 1150976K
  class space    used 14757K, capacity 15743K, committed 15872K, reserved 1048576K
}
Event: 89.415 GC heap before
{Heap before GC invocations=81 (full 0):
 garbage-first heap   total 302080K, used 252463K [0x0000000080000000, 0x0000000100000000)
  region size 1024K, 113 young (115712K), 3 survivors (3072K)
 Metaspace       used 115058K, capacity 117826K, committed 118008K, reserved 1150976K
  class space    used 14767K, capacity 15760K, committed 15872K, reserved 1048576K
}
Event: 89.424 GC heap after
{Heap after GC invocations=82 (full 0):
 garbage-first heap   total 302080K, used 140582K [0x0000000080000000, 0x0000000100000000)
  region size 1024K, 3 young (3072K), 3 survivors (3072K)
 Metaspace       used 115058K, capacity 117826K, committed 118008K, reserved 1150976K
  class space    used 14767K, capacity 15760K, committed 15872K, reserved 1048576K
}
Event: 89.482 GC heap before
{Heap before GC invocations=82 (full 0):
 garbage-first heap   total 302080K, used 151846K [0x0000000080000000, 0x0000000100000000)
  region size 1024K, 14 young (14336K), 3 survivors (3072K)
 Metaspace       used 115109K, capacity 117895K, committed 118264K, reserved 1150976K
  class space    used 14770K, capacity 15761K, committed 15872K, reserved 1048576K
}
Event: 89.553 GC heap after
{Heap after GC invocations=83 (full 0):
 garbage-first heap   total 302080K, used 126812K [0x0000000080000000, 0x0000000100000000)
  region size 1024K, 1 young (1024K), 1 survivors (1024K)
 Metaspace       used 115109K, capacity 117895K, committed 118264K, reserved 1150976K
  class space    used 14770K, capacity 15761K, committed 15872K, reserved 1048576K
}
Event: 90.223 GC heap before
{Heap before GC invocations=83 (full 0):
 garbage-first heap   total 302080K, used 253788K [0x0000000080000000, 0x0000000100000000)
  region size 1024K, 125 young (128000K), 1 survivors (1024K)
 Metaspace       used 115691K, capacity 118514K, committed 118776K, reserved 1153024K
  class space    used 14827K, capacity 15850K, committed 15872K, reserved 1048576K
}
Event: 90.235 GC heap after
{Heap after GC invocations=84 (full 0):
 garbage-first heap   total 439296K, used 126986K [0x0000000080000000, 0x0000000100000000)
  region size 1024K, 1 young (1024K), 1 survivors (1024K)
 Metaspace       used 115691K, capacity 118514K, committed 118776K, reserved 1153024K
  class space    used 14827K, capacity 15850K, committed 15872K, reserved 1048576K
}
Event: 91.651 GC heap before
{Heap before GC invocations=84 (full 0):
 garbage-first heap   total 439296K, used 369674K [0x0000000080000000, 0x0000000100000000)
  region size 1024K, 238 young (243712K), 1 survivors (1024K)
 Metaspace       used 115887K, capacity 118761K, committed 118904K, reserved 1153024K
  class space    used 14830K, capacity 15883K, committed 16000K, reserved 1048576K
}
Event: 91.660 GC heap after
{Heap after GC invocations=85 (full 0):
 garbage-first heap   total 439296K, used 128445K [0x0000000080000000, 0x0000000100000000)
  region size 1024K, 3 young (3072K), 3 survivors (3072K)
 Metaspace       used 115887K, capacity 118761K, committed 118904K, reserved 1153024K
  class space    used 14830K, capacity 15883K, committed 16000K, reserved 1048576K
}
Event: 92.841 GC heap before
{Heap before GC invocations=85 (full 0):
 garbage-first heap   total 439296K, used 379325K [0x0000000080000000, 0x0000000100000000)
  region size 1024K, 248 young (253952K), 3 survivors (3072K)
 Metaspace       used 115956K, capacity 118829K, committed 119160K, reserved 1153024K
  class space    used 14831K, capacity 15883K, committed 16000K, reserved 1048576K
}
Event: 92.850 GC heap after
{Heap after GC invocations=86 (full 0):
 garbage-first heap   total 439296K, used 129049K [0x0000000080000000, 0x0000000100000000)
  region size 1024K, 3 young (3072K), 3 survivors (3072K)
 Metaspace       used 115956K, capacity 118829K, committed 119160K, reserved 1153024K
  class space    used 14831K, capacity 15883K, committed 16000K, reserved 1048576K
}
Event: 94.179 GC heap before
{Heap before GC invocations=86 (full 0):
 garbage-first heap   total 439296K, used 381977K [0x0000000080000000, 0x0000000100000000)
  region size 1024K, 250 young (256000K), 3 survivors (3072K)
 Metaspace       used 115996K, capacity 118830K, committed 119160K, reserved 1153024K
  class space    used 14832K, capacity 15883K, committed 16000K, reserved 1048576K
}
Event: 94.191 GC heap after
{Heap after GC invocations=87 (full 0):
 garbage-first heap   total 439296K, used 130305K [0x0000000080000000, 0x0000000100000000)
  region size 1024K, 5 young (5120K), 5 survivors (5120K)
 Metaspace       used 115996K, capacity 118830K, committed 119160K, reserved 1153024K
  class space    used 14832K, capacity 15883K, committed 16000K, reserved 1048576K
}

