# JRE version: Java(TM) SE Runtime Environment (14.0.2+12) (build 14.0.2+12-46)
# Java VM: Java HotSpot(TM) 64-Bit Server VM (14.0.2+12-46, mixed mode, sharing, tiered, compressed oops, g1 gc, windows-amd64)
Heap:
 garbage-first heap   total 442368K, used 189188K [0x0000000080000000, 0x0000000100000000)
  region size 1024K, 62 young (63488K), 9 survivors (9216K)
 Metaspace       used 91472K, capacity 94125K, committed 94328K, reserved 1130496K
  class space    used 12334K, capacity 13304K, committed 13432K, reserved 1048576K
GC Heap History (20 events):
Event: 19.502 GC heap before
{Heap before GC invocations=48 (full 0):
 garbage-first heap   total 184320K, used 149298K [0x0000000080000000, 0x0000000100000000)
  region size 1024K, 37 young (37888K), 6 survivors (6144K)
 Metaspace       used 84512K, capacity 86960K, committed 87288K, reserved 1124352K
  class space    used 11512K, capacity 12419K, committed 12536K, reserved 1048576K
}
Event: 19.518 GC heap after
{Heap after GC invocations=49 (full 0):
 garbage-first heap   total 184320K, used 123164K [0x0000000080000000, 0x0000000100000000)
  region size 1024K, 5 young (5120K), 5 survivors (5120K)
 Metaspace       used 84512K, capacity 86960K, committed 87288K, reserved 1124352K
  class space    used 11512K, capacity 12419K, committed 12536K, reserved 1048576K
}
Event: 19.585 GC heap before
{Heap before GC invocations=49 (full 0):
 garbage-first heap   total 184320K, used 150812K [0x0000000080000000, 0x0000000100000000)
  region size 1024K, 33 young (33792K), 5 survivors (5120K)
 Metaspace       used 84950K, capacity 87446K, committed 87672K, reserved 1124352K
  class space    used 11600K, capacity 12517K, committed 12664K, reserved 1048576K
}
Event: 19.599 GC heap after
{Heap after GC invocations=50 (full 0):
 garbage-first heap   total 245760K, used 128617K [0x0000000080000000, 0x0000000100000000)
  region size 1024K, 5 young (5120K), 5 survivors (5120K)
 Metaspace       used 84950K, capacity 87446K, committed 87672K, reserved 1124352K
  class space    used 11600K, capacity 12517K, committed 12664K, reserved 1048576K
}
Event: 20.220 GC heap before
{Heap before GC invocations=51 (full 0):
 garbage-first heap   total 245760K, used 193129K [0x0000000080000000, 0x0000000100000000)
  region size 1024K, 68 young (69632K), 5 survivors (5120K)
 Metaspace       used 88327K, capacity 90850K, committed 91000K, reserved 1126400K
  class space    used 12120K, capacity 13076K, committed 13176K, reserved 1048576K
}
Event: 20.234 GC heap after
{Heap after GC invocations=52 (full 0):
 garbage-first heap   total 245760K, used 132644K [0x0000000080000000, 0x0000000100000000)
  region size 1024K, 4 young (4096K), 4 survivors (4096K)
 Metaspace       used 88327K, capacity 90850K, committed 91000K, reserved 1126400K
  class space    used 12120K, capacity 13076K, committed 13176K, reserved 1048576K
}
Event: 20.578 GC heap before
{Heap before GC invocations=52 (full 0):
 garbage-first heap   total 245760K, used 196132K [0x0000000080000000, 0x0000000100000000)
  region size 1024K, 66 young (67584K), 4 survivors (4096K)
 Metaspace       used 89267K, capacity 91884K, committed 92152K, reserved 1128448K
  class space    used 12236K, capacity 13230K, committed 13304K, reserved 1048576K
}
Event: 20.587 GC heap after
{Heap after GC invocations=53 (full 0):
 garbage-first heap   total 245760K, used 133261K [0x0000000080000000, 0x0000000100000000)
  region size 1024K, 5 young (5120K), 5 survivors (5120K)
 Metaspace       used 89267K, capacity 91884K, committed 92152K, reserved 1128448K
  class space    used 12236K, capacity 13230K, committed 13304K, reserved 1048576K
}
Event: 21.182 GC heap before
{Heap before GC invocations=54 (full 0):
 garbage-first heap   total 270336K, used 198797K [0x0000000080000000, 0x0000000100000000)
  region size 1024K, 70 young (71680K), 5 survivors (5120K)
 Metaspace       used 89935K, capacity 92438K, committed 93048K, reserved 1128448K
  class space    used 12233K, capacity 13153K, committed 13432K, reserved 1048576K
}
Event: 21.191 GC heap after
{Heap after GC invocations=55 (full 0):
 garbage-first heap   total 270336K, used 134612K [0x0000000080000000, 0x0000000100000000)
  region size 1024K, 6 young (6144K), 6 survivors (6144K)
 Metaspace       used 89935K, capacity 92438K, committed 93048K, reserved 1128448K
  class space    used 12233K, capacity 13153K, committed 13432K, reserved 1048576K
}
Event: 21.588 GC heap before
{Heap before GC invocations=55 (full 0):
 garbage-first heap   total 270336K, used 219604K [0x0000000080000000, 0x0000000100000000)
  region size 1024K, 89 young (91136K), 6 survivors (6144K)
 Metaspace       used 90039K, capacity 92554K, committed 93048K, reserved 1128448K
  class space    used 12253K, capacity 13192K, committed 13432K, reserved 1048576K
}
Event: 21.600 GC heap after
{Heap after GC invocations=56 (full 0):
 garbage-first heap   total 372736K, used 134292K [0x0000000080000000, 0x0000000100000000)
  region size 1024K, 6 young (6144K), 6 survivors (6144K)
 Metaspace       used 90039K, capacity 92554K, committed 93048K, reserved 1128448K
  class space    used 12253K, capacity 13192K, committed 13432K, reserved 1048576K
}
Event: 22.420 GC heap before
{Heap before GC invocations=57 (full 0):
 garbage-first heap   total 372736K, used 315540K [0x0000000080000000, 0x0000000100000000)
  region size 1024K, 184 young (188416K), 6 survivors (6144K)
 Metaspace       used 90621K, capacity 93278K, committed 93560K, reserved 1130496K
  class space    used 12312K, capacity 13284K, committed 13432K, reserved 1048576K
}
Event: 22.432 GC heap after
{Heap after GC invocations=58 (full 0):
 garbage-first heap   total 372736K, used 136706K [0x0000000080000000, 0x0000000100000000)
  region size 1024K, 8 young (8192K), 8 survivors (8192K)
 Metaspace       used 90621K, capacity 93278K, committed 93560K, reserved 1130496K
  class space    used 12312K, capacity 13284K, committed 13432K, reserved 1048576K
}
Event: 22.809 GC heap before
{Heap before GC invocations=58 (full 0):
 garbage-first heap   total 372736K, used 312834K [0x0000000080000000, 0x0000000100000000)
  region size 1024K, 181 young (185344K), 8 survivors (8192K)
 Metaspace       used 90976K, capacity 93647K, committed 93816K, reserved 1130496K
  class space    used 12318K, capacity 13294K, committed 13432K, reserved 1048576K
}
Event: 22.822 GC heap after
{Heap after GC invocations=59 (full 0):
 garbage-first heap   total 372736K, used 138962K [0x0000000080000000, 0x0000000100000000)
  region size 1024K, 11 young (11264K), 11 survivors (11264K)
 Metaspace       used 90976K, capacity 93647K, committed 93816K, reserved 1130496K
  class space    used 12318K, capacity 13294K, committed 13432K, reserved 1048576K
}
Event: 23.128 GC heap before
{Heap before GC invocations=59 (full 0):
 garbage-first heap   total 372736K, used 314066K [0x0000000080000000, 0x0000000100000000)
  region size 1024K, 183 young (187392K), 11 survivors (11264K)
 Metaspace       used 91215K, capacity 93814K, committed 94072K, reserved 1130496K
  class space    used 12327K, capacity 13298K, committed 13432K, reserved 1048576K
}
Event: 23.139 GC heap after
{Heap after GC invocations=60 (full 0):
 garbage-first heap   total 372736K, used 138665K [0x0000000080000000, 0x0000000100000000)
  region size 1024K, 10 young (10240K), 10 survivors (10240K)
 Metaspace       used 91215K, capacity 93814K, committed 94072K, reserved 1130496K
  class space    used 12327K, capacity 13298K, committed 13432K, reserved 1048576K
}
Event: 23.416 GC heap before
{Heap before GC invocations=60 (full 0):
 garbage-first heap   total 372736K, used 318889K [0x0000000080000000, 0x0000000100000000)
  region size 1024K, 186 young (190464K), 10 survivors (10240K)
 Metaspace       used 91408K, capacity 94107K, committed 94328K, reserved 1130496K
  class space    used 12333K, capacity 13302K, committed 13432K, reserved 1048576K
}
Event: 23.431 GC heap after
{Heap after GC invocations=61 (full 0):
 garbage-first heap   total 442368K, used 136964K [0x0000000080000000, 0x0000000100000000)
  region size 1024K, 9 young (9216K), 9 survivors (9216K)
 Metaspace       used 91408K, capacity 94107K, committed 94328K, reserved 1130496K
  class space    used 12333K, capacity 13302K, committed 13432K, reserved 1048576K
}

