# JRE version: OpenJDK Runtime Environment (11.0.10) (build 11.0.10+0-b96-7249189)
# Java VM: OpenJDK 64-Bit Server VM (11.0.10+0-b96-7249189, mixed mode, tiered, compressed oops, g1 gc, windows-amd64)
Heap:
 garbage-first heap   total 227328K, used 104060K [0x0000000080000000, 0x0000000100000000)
  region size 1024K, 8 young (8192K), 2 survivors (2048K)
 Metaspace       used 127418K, capacity 130812K, committed 131788K, reserved 1163264K
  class space    used 15587K, capacity 16813K, committed 17356K, reserved 1048576K
GC Heap History (20 events):
Event: 204.493 GC heap before
{Heap before GC invocations=57 (full 0):
 garbage-first heap   total 189440K, used 147153K [0x0000000080000000, 0x0000000100000000)
  region size 1024K, 28 young (28672K), 4 survivors (4096K)
 Metaspace       used 125506K, capacity 128808K, committed 130124K, reserved 1163264K
  class space    used 15505K, capacity 16718K, committed 17228K, reserved 1048576K
}
Event: 204.500 GC heap after
{Heap after GC invocations=58 (full 0):
 garbage-first heap   total 189440K, used 125782K [0x0000000080000000, 0x0000000100000000)
  region size 1024K, 3 young (3072K), 3 survivors (3072K)
 Metaspace       used 125506K, capacity 128808K, committed 130124K, reserved 1163264K
  class space    used 15505K, capacity 16718K, committed 17228K, reserved 1048576K
}
Event: 204.532 GC heap before
{Heap before GC invocations=58 (full 0):
 garbage-first heap   total 189440K, used 131926K [0x0000000080000000, 0x0000000100000000)
  region size 1024K, 9 young (9216K), 3 survivors (3072K)
 Metaspace       used 125557K, capacity 128808K, committed 130124K, reserved 1163264K
  class space    used 15507K, capacity 16718K, committed 17228K, reserved 1048576K
}
Event: 204.541 GC heap after
{Heap after GC invocations=59 (full 0):
 garbage-first heap   total 189440K, used 123216K [0x0000000080000000, 0x0000000100000000)
  region size 1024K, 2 young (2048K), 2 survivors (2048K)
 Metaspace       used 125557K, capacity 128808K, committed 130124K, reserved 1163264K
  class space    used 15507K, capacity 16718K, committed 17228K, reserved 1048576K
}
Event: 204.666 GC heap before
{Heap before GC invocations=59 (full 0):
 garbage-first heap   total 189440K, used 147792K [0x0000000080000000, 0x0000000100000000)
  region size 1024K, 27 young (27648K), 2 survivors (2048K)
 Metaspace       used 125781K, capacity 129064K, committed 130380K, reserved 1163264K
  class space    used 15515K, capacity 16718K, committed 17228K, reserved 1048576K
}
Event: 204.672 GC heap after
{Heap after GC invocations=60 (full 0):
 garbage-first heap   total 189440K, used 124562K [0x0000000080000000, 0x0000000100000000)
  region size 1024K, 3 young (3072K), 3 survivors (3072K)
 Metaspace       used 125781K, capacity 129064K, committed 130380K, reserved 1163264K
  class space    used 15515K, capacity 16718K, committed 17228K, reserved 1048576K
}
Event: 204.850 GC heap before
{Heap before GC invocations=60 (full 0):
 garbage-first heap   total 189440K, used 151186K [0x0000000080000000, 0x0000000100000000)
  region size 1024K, 29 young (29696K), 3 survivors (3072K)
 Metaspace       used 126114K, capacity 129384K, committed 130636K, reserved 1163264K
  class space    used 15531K, capacity 16718K, committed 17228K, reserved 1048576K
}
Event: 204.854 GC heap after
{Heap after GC invocations=61 (full 0):
 garbage-first heap   total 227328K, used 123753K [0x0000000080000000, 0x0000000100000000)
  region size 1024K, 1 young (1024K), 1 survivors (1024K)
 Metaspace       used 126114K, capacity 129384K, committed 130636K, reserved 1163264K
  class space    used 15531K, capacity 16718K, committed 17228K, reserved 1048576K
}
Event: 206.672 GC heap before
{Heap before GC invocations=61 (full 0):
 garbage-first heap   total 227328K, used 170857K [0x0000000080000000, 0x0000000100000000)
  region size 1024K, 48 young (49152K), 1 survivors (1024K)
 Metaspace       used 126362K, capacity 129646K, committed 130892K, reserved 1163264K
  class space    used 15543K, capacity 16740K, committed 17228K, reserved 1048576K
}
Event: 206.677 GC heap after
{Heap after GC invocations=62 (full 0):
 garbage-first heap   total 227328K, used 127739K [0x0000000080000000, 0x0000000100000000)
  region size 1024K, 5 young (5120K), 5 survivors (5120K)
 Metaspace       used 126362K, capacity 129646K, committed 130892K, reserved 1163264K
  class space    used 15543K, capacity 16740K, committed 17228K, reserved 1048576K
}
Event: 207.000 GC heap before
{Heap before GC invocations=62 (full 0):
 garbage-first heap   total 227328K, used 156411K [0x0000000080000000, 0x0000000100000000)
  region size 1024K, 35 young (35840K), 5 survivors (5120K)
 Metaspace       used 126447K, capacity 129716K, committed 130892K, reserved 1163264K
  class space    used 15545K, capacity 16742K, committed 17228K, reserved 1048576K
}
Event: 207.008 GC heap after
{Heap after GC invocations=63 (full 0):
 garbage-first heap   total 227328K, used 128348K [0x0000000080000000, 0x0000000100000000)
  region size 1024K, 2 young (2048K), 2 survivors (2048K)
 Metaspace       used 126447K, capacity 129716K, committed 130892K, reserved 1163264K
  class space    used 15545K, capacity 16742K, committed 17228K, reserved 1048576K
}
Event: 207.663 GC heap before
{Heap before GC invocations=64 (full 0):
 garbage-first heap   total 227328K, used 170332K [0x0000000080000000, 0x0000000100000000)
  region size 1024K, 52 young (53248K), 2 survivors (2048K)
 Metaspace       used 126879K, capacity 130210K, committed 131532K, reserved 1163264K
  class space    used 15568K, capacity 16780K, committed 17356K, reserved 1048576K
}
Event: 207.668 GC heap after
{Heap after GC invocations=65 (full 0):
 garbage-first heap   total 227328K, used 120247K [0x0000000080000000, 0x0000000100000000)
  region size 1024K, 2 young (2048K), 2 survivors (2048K)
 Metaspace       used 126879K, capacity 130210K, committed 131532K, reserved 1163264K
  class space    used 15568K, capacity 16780K, committed 17356K, reserved 1048576K
}
Event: 207.782 GC heap before
{Heap before GC invocations=65 (full 0):
 garbage-first heap   total 227328K, used 129463K [0x0000000080000000, 0x0000000100000000)
  region size 1024K, 11 young (11264K), 2 survivors (2048K)
 Metaspace       used 126955K, capacity 130327K, committed 131532K, reserved 1163264K
  class space    used 15572K, capacity 16788K, committed 17356K, reserved 1048576K
}
Event: 207.789 GC heap after
{Heap after GC invocations=66 (full 0):
 garbage-first heap   total 227328K, used 98206K [0x0000000080000000, 0x0000000100000000)
  region size 1024K, 1 young (1024K), 1 survivors (1024K)
 Metaspace       used 126955K, capacity 130327K, committed 131532K, reserved 1163264K
  class space    used 15572K, capacity 16788K, committed 17356K, reserved 1048576K
}
Event: 366.097 GC heap before
{Heap before GC invocations=66 (full 0):
 garbage-first heap   total 227328K, used 121758K [0x0000000080000000, 0x0000000100000000)
  region size 1024K, 11 young (11264K), 1 survivors (1024K)
 Metaspace       used 127132K, capacity 130479K, committed 131532K, reserved 1163264K
  class space    used 15576K, capacity 16794K, committed 17356K, reserved 1048576K
}
Event: 366.100 GC heap after
{Heap after GC invocations=67 (full 0):
 garbage-first heap   total 227328K, used 97790K [0x0000000080000000, 0x0000000100000000)
  region size 1024K, 1 young (1024K), 1 survivors (1024K)
 Metaspace       used 127132K, capacity 130479K, committed 131532K, reserved 1163264K
  class space    used 15576K, capacity 16794K, committed 17356K, reserved 1048576K
}
Event: 3572.147 GC heap before
{Heap before GC invocations=67 (full 0):
 garbage-first heap   total 227328K, used 169470K [0x0000000080000000, 0x0000000100000000)
  region size 1024K, 72 young (73728K), 1 survivors (1024K)
 Metaspace       used 127410K, capacity 130812K, committed 131788K, reserved 1163264K
  class space    used 15587K, capacity 16813K, committed 17356K, reserved 1048576K
}
Event: 3572.196 GC heap after
{Heap after GC invocations=68 (full 0):
 garbage-first heap   total 227328K, used 98940K [0x0000000080000000, 0x0000000100000000)
  region size 1024K, 2 young (2048K), 2 survivors (2048K)
 Metaspace       used 127410K, capacity 130812K, committed 131788K, reserved 1163264K
  class space    used 15587K, capacity 16813K, committed 17356K, reserved 1048576K
}

